#
# A fatal error has been detected by the Java Runtime Environment:
#
#  EXCEPTION_ACCESS_VIOLATION (0xc0000005) at pc=0x00007ff84aa7fa7a, pid=10140, tid=5748
#
# JRE version: OpenJDK Runtime Environment Temurin-17.0.4+8 (17.0.4+8) (build 17.0.4+8)
# Java VM: OpenJDK 64-Bit Server VM Temurin-17.0.4+8 (17.0.4+8, mixed mode, tiered, compressed oops, compressed class ptrs, g1 gc, windows-amd64)
# Problematic frame:
# V  [jvm.dll+0x79fa7a]
#
# No core dump will be written. Minidumps are not enabled by default on client versions of Windows
#
# If you would like to submit a bug report, please visit:
#   https://github.com/adoptium/adoptium-support/issues
#

---------------  S U M M A R Y ------------

Command Line: -XX:+ShowCodeDetailsInExceptionMessages -agentlib:jdwp=transport=dt_socket,suspend=y,address=localhost:53957 -javaagent:C:\Users\izzet.bozoglu\eclipse\jee-2022-06\eclipse\configuration\org.eclipse.osgi\407\0\.cp\lib\javaagent-shaded.jar -Dfile.encoding=UTF-8 com.bilgeadam.erp.Program

Host: Intel(R) Core(TM) i5-2400 CPU @ 3.10GHz, 4 cores, 15G,  Windows 10 , 64 bit Build 17763 (10.0.17763.437)
Time: Sat Mar 18 13:10:35 2023 Türkiye Standart Saati elapsed time: 231.056772 seconds (0d 0h 3m 51s)

---------------  T H R E A D  ---------------

Current thread (0x00000259ff752640):  JavaThread "JDWP Transport Listener: dt_socket" daemon [_thread_in_vm, id=5748, stack(0x000000e566d00000,0x000000e566e00000)]

Stack: [0x000000e566d00000,0x000000e566e00000],  sp=0x000000e566dff240,  free space=1020k
Native frames: (J=compiled Java code, j=interpreted, Vv=VM code, C=native code)
V  [jvm.dll+0x79fa7a]
V  [jvm.dll+0x50963c]
V  [jvm.dll+0x4d0ca4]
C  [jdwp.dll+0x22f7b]


siginfo: EXCEPTION_ACCESS_VIOLATION (0xc0000005), reading address 0x0000000000fc002c


Register to memory mapping:

RIP=0x00007ff84aa7fa7a jvm.dll
RAX=0x00000000000000fd is an unknown value
RBX=0x00000259ff4fea94 points into unknown readable memory: 00 3b 00 64
RCX=0x0000000000fc0028 is an unknown value
RDX=0x00000259950e0830 points into unknown readable memory: 0x6c69622f6d6f634c | 4c 63 6f 6d 2f 62 69 6c
RSP=0x000000e566dff240 is pointing into the stack for thread: 0x00000259ff752640
RBP=0x00000259ff744f90 points into unknown readable memory: 0x0000000000000002 | 02 00 00 00 00 00 00 00
RSI=0x0 is NULL
RDI=0xffffffffffffffff is an unknown value
R8 =0x0000000000000027 is an unknown value
R9 =0x0000000000000127 is an unknown value
R10=0x00000259950dcff0 points into unknown readable memory: 0x0000025995037900 | 00 79 03 95 59 02 00 00
R11=0x000000e566dff260 is pointing into the stack for thread: 0x00000259ff752640
R12=0x000000e566dff398 is pointing into the stack for thread: 0x00000259ff752640
R13=0x0 is NULL
R14=0x00000008001066d8 is a pointer to class: 
com.bilgeadam.erp.dal.PersonelDAL {0x00000008001066e0}
 - instance size:     3
 - klass size:        80
 - access:            public synchronized 
 - state:             fully_initialized
 - name:              'com/bilgeadam/erp/dal/PersonelDAL'
 - super:             'java/lang/Object'
 - sub:               
 - arrays:            NULL
 - methods:           Array<T>(0x000002599584aa18)
 - method ordering:   Array<T>(0x000002599584b6e8)
 - default_methods:   Array<T>(0x0000000000000000)
 - local interfaces:  Array<T>(0x00000259958428b0)
 - trans. interfaces: Array<T>(0x00000259958428b0)
 - constants:         constant pool [256] {0x000002599584d188} for 'com/bilgeadam/erp/dal/PersonelDAL' cache=0x000002599584dcd8
 - class loader data:  loader data: 0x00000259ff5763b0 for instance a 'jdk/internal/loader/ClassLoaders$AppClassLoader'{0x00000007108a11b8}
 - source file:       'PersonelDAL.java'
 - source debug extension:       SMAP
PersonelDAL.java
Java
*S jdt
*F
1 PersonelDAL.java
2 file:/C:/Users/izzet.bozoglu/Desktop/yeni_workspace/EnterpriseResourcePlanning/bin/
*L
*E

 - class annotations:       Array<T>(0x0000000000000000)
 - class type annotations:  Array<T>(0x0000000000000000)
 - field annotations:       Array<T>(0x0000000000000000)
 - field type annotations:  Array<T>(0x0000000000000000)
 - generic signature: '
[error occurred during error reporting (printing register info), id 0xc0000005, EXCEPTION_ACCESS_VIOLATION (0xc0000005) at pc=0x00007ff84aa80686]

Registers:
RAX=0x00000000000000fd, RBX=0x00000259ff4fea94, RCX=0x0000000000fc0028, RDX=0x00000259950e0830
RSP=0x000000e566dff240, RBP=0x00000259ff744f90, RSI=0x0000000000000000, RDI=0xffffffffffffffff
R8 =0x0000000000000027, R9 =0x0000000000000127, R10=0x00000259950dcff0, R11=0x000000e566dff260
R12=0x000000e566dff398, R13=0x0000000000000000, R14=0x00000008001066d8, R15=0x000000e566dff3e8
RIP=0x00007ff84aa7fa7a, EFLAGS=0x0000000000010202

Top of Stack: (sp=0x000000e566dff240)
0x000000e566dff240:   0000000000000021 00000008001066d8
0x000000e566dff250:   00000259ff752640 0000000000000000
0x000000e566dff260:   ffffffffffffffff 00007ff84a7e963c
0x000000e566dff270:   00000259ff4fea94 00000259ff4fea70
0x000000e566dff280:   00000259ff744f90 000002599530b590
0x000000e566dff290:   00000259ff4fea30 00000000000003d8
0x000000e566dff2a0:   00000259ff4fea40 00000259ff4fee18
0x000000e566dff2b0:   0000000000000002 000000e566dff398
0x000000e566dff2c0:   0000000000000000 0000000000000000
0x000000e566dff2d0:   0000000710286d20 00007ff84a7b0ca4
0x000000e566dff2e0:   00000259ff752640 000000e566dff3e8
0x000000e566dff2f0:   00000259f3681f80 000000e566dff3e8
0x000000e566dff300:   00000259ff752640 0000000000000000
0x000000e566dff310:   0000025900000000 0000000000000000
0x000000e566dff320:   000000000000000d 00007ff857812f7b
0x000000e566dff330:   000000e566dff3e0 00007ff857821600 

Instructions: (pc=0x00007ff84aa7fa7a)
0x00007ff84aa7f97a:   48 83 c4 20 5f e9 6c 69 90 ff cc cc cc cc cc cc
0x00007ff84aa7f98a:   cc cc cc cc cc cc 48 89 5c 24 08 57 48 83 ec 20
0x00007ff84aa7f99a:   83 fa 02 8d 42 06 b9 08 00 00 00 49 8b d8 0f 4e
0x00007ff84aa7f9aa:   c1 48 63 c8 48 83 c1 07 83 e1 f8 48 63 f9 49 8b
0x00007ff84aa7f9ba:   48 18 48 8b c7 48 f7 d0 48 3b c1 73 16 4c 8d 05
0x00007ff84aa7f9ca:   6a 58 17 00 48 8b d7 48 8b cb e8 77 cc 90 ff 48
0x00007ff84aa7f9da:   8b 4b 18 48 8d 04 39 48 3b 43 20 76 18 45 33 c0
0x00007ff84aa7f9ea:   48 8b d7 48 8b cb 48 8b 5c 24 30 48 83 c4 20 5f
0x00007ff84aa7f9fa:   e9 d1 c8 90 ff 48 89 43 18 48 8b c1 48 8b 5c 24
0x00007ff84aa7fa0a:   30 48 83 c4 20 5f c3 cc cc cc cc cc cc cc cc cc
0x00007ff84aa7fa1a:   cc cc cc cc cc cc 4c 8b d2 4c 8b d9 45 85 c0 7e
0x00007ff84aa7fa2a:   3c 44 0f b7 49 04 41 8d 40 ff 41 3b c1 44 0f 4c
0x00007ff84aa7fa3a:   c8 4d 63 c1 45 85 c9 7e 1f 48 8b c2 4c 2b da 49
0x00007ff84aa7fa4a:   8b d0 0f 1f 40 00 41 0f b6 4c 03 06 88 08 48 8d
0x00007ff84aa7fa5a:   40 01 48 83 ea 01 75 ee 43 c6 04 10 00 49 8b c2
0x00007ff84aa7fa6a:   c3 cc cc cc cc cc 48 89 5c 24 08 57 48 83 ec 20
0x00007ff84aa7fa7a:   0f b7 59 04 48 8b f9 33 d2 48 8d 4b 01 e8 c4 d9
0x00007ff84aa7fa8a:   f2 ff 0f b7 57 04 4c 8b c0 3b da 0f 42 d3 44 8b
0x00007ff84aa7fa9a:   ca 85 d2 74 39 48 2b f8 0f 1f 40 00 66 66 0f 1f
0x00007ff84aa7faaa:   84 00 00 00 00 00 0f b6 4c 07 06 88 08 48 ff c0
0x00007ff84aa7faba:   48 8b c8 49 2b c8 49 3b c9 7c eb 42 c6 04 02 00
0x00007ff84aa7faca:   49 8b c0 48 8b 5c 24 30 48 83 c4 20 5f c3 48 8b
0x00007ff84aa7fada:   5c 24 30 c6 04 02 00 48 83 c4 20 5f c3 cc cc cc
0x00007ff84aa7faea:   cc cc cc cc cc cc 4c 8b d1 45 85 c0 7e 6c 44 0f
0x00007ff84aa7fafa:   b7 49 04 41 8d 40 ff 41 3b c1 44 0f 4c c8 4d 63
0x00007ff84aa7fb0a:   d9 45 85 c9 7e 22 48 8b ca 4c 2b d2 4d 8b c3 0f
0x00007ff84aa7fb1a:   1f 80 00 00 00 00 41 0f b6 44 0a 06 88 01 48 8d
0x00007ff84aa7fb2a:   49 01 49 83 e8 01 75 ee 41 c6 04 13 00 48 c7 c0
0x00007ff84aa7fb3a:   ff ff ff ff 66 90 48 ff c0 80 3c 02 00 75 f7 48
0x00007ff84aa7fb4a:   63 c8 85 c0 48 8b c2 7e 14 80 38 2f 75 03 c6 00
0x00007ff84aa7fb5a:   2e 48 ff c0 48 83 e9 01 75 ef 48 8b c2 c3 cc cc
0x00007ff84aa7fb6a:   cc cc cc cc cc cc 48 83 ec 28 e8 f7 fe ff ff 4c 


Stack slot to memory mapping:
stack at sp + 0 slots: 0x0000000000000021 is an unknown value
stack at sp + 1 slots: 0x00000008001066d8 is a pointer to class: 
com.bilgeadam.erp.dal.PersonelDAL {0x00000008001066e0}
 - instance size:     3
 - klass size:        80
 - access:            public synchronized 
 - state:             fully_initialized
 - name:              'com/bilgeadam/erp/dal/PersonelDAL'
 - super:             'java/lang/Object'
 - sub:               
 - arrays:            NULL
 - methods:           Array<T>(0x000002599584aa18)
 - method ordering:   Array<T>(0x000002599584b6e8)
 - default_methods:   Array<T>(0x0000000000000000)
 - local interfaces:  Array<T>(0x00000259958428b0)
 - trans. interfaces: Array<T>(0x00000259958428b0)
 - constants:         constant pool [256] {0x000002599584d188} for 'com/bilgeadam/erp/dal/PersonelDAL' cache=0x000002599584dcd8
 - class loader data:  loader data: 0x00000259ff5763b0 for instance a 'jdk/internal/loader/ClassLoaders$AppClassLoader'{0x00000007108a11b8}
 - source file:       'PersonelDAL.java'
 - source debug extension:       SMAP
PersonelDAL.java
Java
*S jdt
*F
1 PersonelDAL.java
2 file:/C:/Users/izzet.bozoglu/Desktop/yeni_workspace/EnterpriseResourcePlanning/bin/
*L
*E

 - class annotations:       Array<T>(0x0000000000000000)
 - class type annotations:  Array<T>(0x0000000000000000)
 - field annotations:       Array<T>(0x0000000000000000)
 - field type annotations:  Array<T>(0x0000000000000000)
 - generic signature: '
[error occurred during error reporting (inspecting top of stack), id 0xc0000005, EXCEPTION_ACCESS_VIOLATION (0xc0000005) at pc=0x00007ff84aa80686]


---------------  P R O C E S S  ---------------

Threads class SMR info:
_java_thread_list=0x00000259950d9ba0, length=15, elements={
0x00000259f5735e80, 0x00000259ff49b020, 0x00000259ff460a80, 0x00000259ff4e5000,
0x00000259ff4e58c0, 0x00000259ff4b6ba0, 0x00000259ff4b8c10, 0x00000259ff4bd170,
0x00000259ff4bf190, 0x00000259ff4ca230, 0x00000259ff66d5f0, 0x00000259ff752640,
0x00000259ff7eb260, 0x00000259ff7fdaf0, 0x0000025995066d30
}

Java Threads: ( => current thread )
  0x00000259f5735e80 JavaThread "main" [_thread_blocked, id=3512, stack(0x000000e565c00000,0x000000e565d00000)]
  0x00000259ff49b020 JavaThread "Reference Handler" daemon [_thread_blocked, id=13184, stack(0x000000e566300000,0x000000e566400000)]
  0x00000259ff460a80 JavaThread "Finalizer" daemon [_thread_blocked, id=3912, stack(0x000000e566400000,0x000000e566500000)]
  0x00000259ff4e5000 JavaThread "Signal Dispatcher" daemon [_thread_blocked, id=13428, stack(0x000000e566500000,0x000000e566600000)]
  0x00000259ff4e58c0 JavaThread "Attach Listener" daemon [_thread_blocked, id=1932, stack(0x000000e566600000,0x000000e566700000)]
  0x00000259ff4b6ba0 JavaThread "Service Thread" daemon [_thread_blocked, id=5436, stack(0x000000e566700000,0x000000e566800000)]
  0x00000259ff4b8c10 JavaThread "Monitor Deflation Thread" daemon [_thread_blocked, id=12760, stack(0x000000e566800000,0x000000e566900000)]
  0x00000259ff4bd170 JavaThread "C2 CompilerThread0" daemon [_thread_blocked, id=2808, stack(0x000000e566900000,0x000000e566a00000)]
  0x00000259ff4bf190 JavaThread "C1 CompilerThread0" daemon [_thread_blocked, id=10464, stack(0x000000e566a00000,0x000000e566b00000)]
  0x00000259ff4ca230 JavaThread "Sweeper thread" daemon [_thread_blocked, id=10588, stack(0x000000e566b00000,0x000000e566c00000)]
  0x00000259ff66d5f0 JavaThread "Common-Cleaner" daemon [_thread_blocked, id=13028, stack(0x000000e566c00000,0x000000e566d00000)]
=>0x00000259ff752640 JavaThread "JDWP Transport Listener: dt_socket" daemon [_thread_in_vm, id=5748, stack(0x000000e566d00000,0x000000e566e00000)]
  0x00000259ff7eb260 JavaThread "JDWP Event Helper Thread" daemon [_thread_blocked, id=8528, stack(0x000000e566e00000,0x000000e566f00000)]
  0x00000259ff7fdaf0 JavaThread "JDWP Command Reader" daemon [_thread_in_native, id=9364, stack(0x000000e566f00000,0x000000e567000000)]
  0x0000025995066d30 JavaThread "Notification Thread" daemon [_thread_blocked, id=8396, stack(0x000000e567000000,0x000000e567100000)]

Other Threads:
  0x00000259fead3d40 VMThread "VM Thread" [stack: 0x000000e566200000,0x000000e566300000] [id=13196]
  0x00000259f57bf450 WatcherThread [stack: 0x000000e567100000,0x000000e567200000] [id=2976]
  0x00000259f57a0c00 GCTaskThread "GC Thread#0" [stack: 0x000000e565d00000,0x000000e565e00000] [id=12824]
  0x00000259f57b25c0 ConcurrentGCThread "G1 Main Marker" [stack: 0x000000e565e00000,0x000000e565f00000] [id=10572]
  0x00000259f57b3ee0 ConcurrentGCThread "G1 Conc#0" [stack: 0x000000e565f00000,0x000000e566000000] [id=5292]
  0x00000259fe9834e0 ConcurrentGCThread "G1 Refine#0" [stack: 0x000000e566000000,0x000000e566100000] [id=13684]
  0x00000259f57fc3d0 ConcurrentGCThread "G1 Service" [stack: 0x000000e566100000,0x000000e566200000] [id=13008]

Threads with active compile tasks:

VM state: not at safepoint (normal execution)

VM Mutex/Monitor currently owned by a thread: None

Heap address: 0x0000000700a00000, size: 4086 MB, Compressed Oops mode: Zero based, Oop shift amount: 3

CDS archive(s) not mapped
Compressed class space mapped at: 0x0000000800000000-0x0000000840000000, reserved size: 1073741824
Narrow klass base: 0x0000000800000000, Narrow klass shift: 0, Narrow klass range: 0x40000000

GC Precious Log:
 CPUs: 4 total, 4 available
 Memory: 16342M
 Large Page Support: Disabled
 NUMA Support: Disabled
 Compressed Oops: Enabled (Zero based)
 Heap Region Size: 2M
 Heap Min Capacity: 8M
 Heap Initial Capacity: 256M
 Heap Max Capacity: 4086M
 Pre-touch: Disabled
 Parallel Workers: 4
 Concurrent Workers: 1
 Concurrent Refinement Workers: 4
 Periodic GC: Disabled

Heap:
 garbage-first heap   total 262144K, used 4096K [0x0000000700a00000, 0x0000000800000000)
  region size 2048K, 4 young (8192K), 0 survivors (0K)
 Metaspace       used 11089K, committed 11200K, reserved 1064960K
  class space    used 979K, committed 1024K, reserved 1048576K

Heap Regions: E=young(eden), S=young(survivor), O=old, HS=humongous(starts), HC=humongous(continues), CS=collection set, F=free, OA=open archive, CA=closed archive, TAMS=top-at-mark-start (previous, next)
|   0|0x0000000700a00000, 0x0000000700a00000, 0x0000000700c00000|  0%| F|  |TAMS 0x0000000700a00000, 0x0000000700a00000| Untracked 
|   1|0x0000000700c00000, 0x0000000700c00000, 0x0000000700e00000|  0%| F|  |TAMS 0x0000000700c00000, 0x0000000700c00000| Untracked 
|   2|0x0000000700e00000, 0x0000000700e00000, 0x0000000701000000|  0%| F|  |TAMS 0x0000000700e00000, 0x0000000700e00000| Untracked 
|   3|0x0000000701000000, 0x0000000701000000, 0x0000000701200000|  0%| F|  |TAMS 0x0000000701000000, 0x0000000701000000| Untracked 
|   4|0x0000000701200000, 0x0000000701200000, 0x0000000701400000|  0%| F|  |TAMS 0x0000000701200000, 0x0000000701200000| Untracked 
|   5|0x0000000701400000, 0x0000000701400000, 0x0000000701600000|  0%| F|  |TAMS 0x0000000701400000, 0x0000000701400000| Untracked 
|   6|0x0000000701600000, 0x0000000701600000, 0x0000000701800000|  0%| F|  |TAMS 0x0000000701600000, 0x0000000701600000| Untracked 
|   7|0x0000000701800000, 0x0000000701800000, 0x0000000701a00000|  0%| F|  |TAMS 0x0000000701800000, 0x0000000701800000| Untracked 
|   8|0x0000000701a00000, 0x0000000701a00000, 0x0000000701c00000|  0%| F|  |TAMS 0x0000000701a00000, 0x0000000701a00000| Untracked 
|   9|0x0000000701c00000, 0x0000000701c00000, 0x0000000701e00000|  0%| F|  |TAMS 0x0000000701c00000, 0x0000000701c00000| Untracked 
|  10|0x0000000701e00000, 0x0000000701e00000, 0x0000000702000000|  0%| F|  |TAMS 0x0000000701e00000, 0x0000000701e00000| Untracked 
|  11|0x0000000702000000, 0x0000000702000000, 0x0000000702200000|  0%| F|  |TAMS 0x0000000702000000, 0x0000000702000000| Untracked 
|  12|0x0000000702200000, 0x0000000702200000, 0x0000000702400000|  0%| F|  |TAMS 0x0000000702200000, 0x0000000702200000| Untracked 
|  13|0x0000000702400000, 0x0000000702400000, 0x0000000702600000|  0%| F|  |TAMS 0x0000000702400000, 0x0000000702400000| Untracked 
|  14|0x0000000702600000, 0x0000000702600000, 0x0000000702800000|  0%| F|  |TAMS 0x0000000702600000, 0x0000000702600000| Untracked 
|  15|0x0000000702800000, 0x0000000702800000, 0x0000000702a00000|  0%| F|  |TAMS 0x0000000702800000, 0x0000000702800000| Untracked 
|  16|0x0000000702a00000, 0x0000000702a00000, 0x0000000702c00000|  0%| F|  |TAMS 0x0000000702a00000, 0x0000000702a00000| Untracked 
|  17|0x0000000702c00000, 0x0000000702c00000, 0x0000000702e00000|  0%| F|  |TAMS 0x0000000702c00000, 0x0000000702c00000| Untracked 
|  18|0x0000000702e00000, 0x0000000702e00000, 0x0000000703000000|  0%| F|  |TAMS 0x0000000702e00000, 0x0000000702e00000| Untracked 
|  19|0x0000000703000000, 0x0000000703000000, 0x0000000703200000|  0%| F|  |TAMS 0x0000000703000000, 0x0000000703000000| Untracked 
|  20|0x0000000703200000, 0x0000000703200000, 0x0000000703400000|  0%| F|  |TAMS 0x0000000703200000, 0x0000000703200000| Untracked 
|  21|0x0000000703400000, 0x0000000703400000, 0x0000000703600000|  0%| F|  |TAMS 0x0000000703400000, 0x0000000703400000| Untracked 
|  22|0x0000000703600000, 0x0000000703600000, 0x0000000703800000|  0%| F|  |TAMS 0x0000000703600000, 0x0000000703600000| Untracked 
|  23|0x0000000703800000, 0x0000000703800000, 0x0000000703a00000|  0%| F|  |TAMS 0x0000000703800000, 0x0000000703800000| Untracked 
|  24|0x0000000703a00000, 0x0000000703a00000, 0x0000000703c00000|  0%| F|  |TAMS 0x0000000703a00000, 0x0000000703a00000| Untracked 
|  25|0x0000000703c00000, 0x0000000703c00000, 0x0000000703e00000|  0%| F|  |TAMS 0x0000000703c00000, 0x0000000703c00000| Untracked 
|  26|0x0000000703e00000, 0x0000000703e00000, 0x0000000704000000|  0%| F|  |TAMS 0x0000000703e00000, 0x0000000703e00000| Untracked 
|  27|0x0000000704000000, 0x0000000704000000, 0x0000000704200000|  0%| F|  |TAMS 0x0000000704000000, 0x0000000704000000| Untracked 
|  28|0x0000000704200000, 0x0000000704200000, 0x0000000704400000|  0%| F|  |TAMS 0x0000000704200000, 0x0000000704200000| Untracked 
|  29|0x0000000704400000, 0x0000000704400000, 0x0000000704600000|  0%| F|  |TAMS 0x0000000704400000, 0x0000000704400000| Untracked 
|  30|0x0000000704600000, 0x0000000704600000, 0x0000000704800000|  0%| F|  |TAMS 0x0000000704600000, 0x0000000704600000| Untracked 
|  31|0x0000000704800000, 0x0000000704800000, 0x0000000704a00000|  0%| F|  |TAMS 0x0000000704800000, 0x0000000704800000| Untracked 
|  32|0x0000000704a00000, 0x0000000704a00000, 0x0000000704c00000|  0%| F|  |TAMS 0x0000000704a00000, 0x0000000704a00000| Untracked 
|  33|0x0000000704c00000, 0x0000000704c00000, 0x0000000704e00000|  0%| F|  |TAMS 0x0000000704c00000, 0x0000000704c00000| Untracked 
|  34|0x0000000704e00000, 0x0000000704e00000, 0x0000000705000000|  0%| F|  |TAMS 0x0000000704e00000, 0x0000000704e00000| Untracked 
|  35|0x0000000705000000, 0x0000000705000000, 0x0000000705200000|  0%| F|  |TAMS 0x0000000705000000, 0x0000000705000000| Untracked 
|  36|0x0000000705200000, 0x0000000705200000, 0x0000000705400000|  0%| F|  |TAMS 0x0000000705200000, 0x0000000705200000| Untracked 
|  37|0x0000000705400000, 0x0000000705400000, 0x0000000705600000|  0%| F|  |TAMS 0x0000000705400000, 0x0000000705400000| Untracked 
|  38|0x0000000705600000, 0x0000000705600000, 0x0000000705800000|  0%| F|  |TAMS 0x0000000705600000, 0x0000000705600000| Untracked 
|  39|0x0000000705800000, 0x0000000705800000, 0x0000000705a00000|  0%| F|  |TAMS 0x0000000705800000, 0x0000000705800000| Untracked 
|  40|0x0000000705a00000, 0x0000000705a00000, 0x0000000705c00000|  0%| F|  |TAMS 0x0000000705a00000, 0x0000000705a00000| Untracked 
|  41|0x0000000705c00000, 0x0000000705c00000, 0x0000000705e00000|  0%| F|  |TAMS 0x0000000705c00000, 0x0000000705c00000| Untracked 
|  42|0x0000000705e00000, 0x0000000705e00000, 0x0000000706000000|  0%| F|  |TAMS 0x0000000705e00000, 0x0000000705e00000| Untracked 
|  43|0x0000000706000000, 0x0000000706000000, 0x0000000706200000|  0%| F|  |TAMS 0x0000000706000000, 0x0000000706000000| Untracked 
|  44|0x0000000706200000, 0x0000000706200000, 0x0000000706400000|  0%| F|  |TAMS 0x0000000706200000, 0x0000000706200000| Untracked 
|  45|0x0000000706400000, 0x0000000706400000, 0x0000000706600000|  0%| F|  |TAMS 0x0000000706400000, 0x0000000706400000| Untracked 
|  46|0x0000000706600000, 0x0000000706600000, 0x0000000706800000|  0%| F|  |TAMS 0x0000000706600000, 0x0000000706600000| Untracked 
|  47|0x0000000706800000, 0x0000000706800000, 0x0000000706a00000|  0%| F|  |TAMS 0x0000000706800000, 0x0000000706800000| Untracked 
|  48|0x0000000706a00000, 0x0000000706a00000, 0x0000000706c00000|  0%| F|  |TAMS 0x0000000706a00000, 0x0000000706a00000| Untracked 
|  49|0x0000000706c00000, 0x0000000706c00000, 0x0000000706e00000|  0%| F|  |TAMS 0x0000000706c00000, 0x0000000706c00000| Untracked 
|  50|0x0000000706e00000, 0x0000000706e00000, 0x0000000707000000|  0%| F|  |TAMS 0x0000000706e00000, 0x0000000706e00000| Untracked 
|  51|0x0000000707000000, 0x0000000707000000, 0x0000000707200000|  0%| F|  |TAMS 0x0000000707000000, 0x0000000707000000| Untracked 
|  52|0x0000000707200000, 0x0000000707200000, 0x0000000707400000|  0%| F|  |TAMS 0x0000000707200000, 0x0000000707200000| Untracked 
|  53|0x0000000707400000, 0x0000000707400000, 0x0000000707600000|  0%| F|  |TAMS 0x0000000707400000, 0x0000000707400000| Untracked 
|  54|0x0000000707600000, 0x0000000707600000, 0x0000000707800000|  0%| F|  |TAMS 0x0000000707600000, 0x0000000707600000| Untracked 
|  55|0x0000000707800000, 0x0000000707800000, 0x0000000707a00000|  0%| F|  |TAMS 0x0000000707800000, 0x0000000707800000| Untracked 
|  56|0x0000000707a00000, 0x0000000707a00000, 0x0000000707c00000|  0%| F|  |TAMS 0x0000000707a00000, 0x0000000707a00000| Untracked 
|  57|0x0000000707c00000, 0x0000000707c00000, 0x0000000707e00000|  0%| F|  |TAMS 0x0000000707c00000, 0x0000000707c00000| Untracked 
|  58|0x0000000707e00000, 0x0000000707e00000, 0x0000000708000000|  0%| F|  |TAMS 0x0000000707e00000, 0x0000000707e00000| Untracked 
|  59|0x0000000708000000, 0x0000000708000000, 0x0000000708200000|  0%| F|  |TAMS 0x0000000708000000, 0x0000000708000000| Untracked 
|  60|0x0000000708200000, 0x0000000708200000, 0x0000000708400000|  0%| F|  |TAMS 0x0000000708200000, 0x0000000708200000| Untracked 
|  61|0x0000000708400000, 0x0000000708400000, 0x0000000708600000|  0%| F|  |TAMS 0x0000000708400000, 0x0000000708400000| Untracked 
|  62|0x0000000708600000, 0x0000000708600000, 0x0000000708800000|  0%| F|  |TAMS 0x0000000708600000, 0x0000000708600000| Untracked 
|  63|0x0000000708800000, 0x0000000708800000, 0x0000000708a00000|  0%| F|  |TAMS 0x0000000708800000, 0x0000000708800000| Untracked 
|  64|0x0000000708a00000, 0x0000000708a00000, 0x0000000708c00000|  0%| F|  |TAMS 0x0000000708a00000, 0x0000000708a00000| Untracked 
|  65|0x0000000708c00000, 0x0000000708c00000, 0x0000000708e00000|  0%| F|  |TAMS 0x0000000708c00000, 0x0000000708c00000| Untracked 
|  66|0x0000000708e00000, 0x0000000708e00000, 0x0000000709000000|  0%| F|  |TAMS 0x0000000708e00000, 0x0000000708e00000| Untracked 
|  67|0x0000000709000000, 0x0000000709000000, 0x0000000709200000|  0%| F|  |TAMS 0x0000000709000000, 0x0000000709000000| Untracked 
|  68|0x0000000709200000, 0x0000000709200000, 0x0000000709400000|  0%| F|  |TAMS 0x0000000709200000, 0x0000000709200000| Untracked 
|  69|0x0000000709400000, 0x0000000709400000, 0x0000000709600000|  0%| F|  |TAMS 0x0000000709400000, 0x0000000709400000| Untracked 
|  70|0x0000000709600000, 0x0000000709600000, 0x0000000709800000|  0%| F|  |TAMS 0x0000000709600000, 0x0000000709600000| Untracked 
|  71|0x0000000709800000, 0x0000000709800000, 0x0000000709a00000|  0%| F|  |TAMS 0x0000000709800000, 0x0000000709800000| Untracked 
|  72|0x0000000709a00000, 0x0000000709a00000, 0x0000000709c00000|  0%| F|  |TAMS 0x0000000709a00000, 0x0000000709a00000| Untracked 
|  73|0x0000000709c00000, 0x0000000709c00000, 0x0000000709e00000|  0%| F|  |TAMS 0x0000000709c00000, 0x0000000709c00000| Untracked 
|  74|0x0000000709e00000, 0x0000000709e00000, 0x000000070a000000|  0%| F|  |TAMS 0x0000000709e00000, 0x0000000709e00000| Untracked 
|  75|0x000000070a000000, 0x000000070a000000, 0x000000070a200000|  0%| F|  |TAMS 0x000000070a000000, 0x000000070a000000| Untracked 
|  76|0x000000070a200000, 0x000000070a200000, 0x000000070a400000|  0%| F|  |TAMS 0x000000070a200000, 0x000000070a200000| Untracked 
|  77|0x000000070a400000, 0x000000070a400000, 0x000000070a600000|  0%| F|  |TAMS 0x000000070a400000, 0x000000070a400000| Untracked 
|  78|0x000000070a600000, 0x000000070a600000, 0x000000070a800000|  0%| F|  |TAMS 0x000000070a600000, 0x000000070a600000| Untracked 
|  79|0x000000070a800000, 0x000000070a800000, 0x000000070aa00000|  0%| F|  |TAMS 0x000000070a800000, 0x000000070a800000| Untracked 
|  80|0x000000070aa00000, 0x000000070aa00000, 0x000000070ac00000|  0%| F|  |TAMS 0x000000070aa00000, 0x000000070aa00000| Untracked 
|  81|0x000000070ac00000, 0x000000070ac00000, 0x000000070ae00000|  0%| F|  |TAMS 0x000000070ac00000, 0x000000070ac00000| Untracked 
|  82|0x000000070ae00000, 0x000000070ae00000, 0x000000070b000000|  0%| F|  |TAMS 0x000000070ae00000, 0x000000070ae00000| Untracked 
|  83|0x000000070b000000, 0x000000070b000000, 0x000000070b200000|  0%| F|  |TAMS 0x000000070b000000, 0x000000070b000000| Untracked 
|  84|0x000000070b200000, 0x000000070b200000, 0x000000070b400000|  0%| F|  |TAMS 0x000000070b200000, 0x000000070b200000| Untracked 
|  85|0x000000070b400000, 0x000000070b400000, 0x000000070b600000|  0%| F|  |TAMS 0x000000070b400000, 0x000000070b400000| Untracked 
|  86|0x000000070b600000, 0x000000070b600000, 0x000000070b800000|  0%| F|  |TAMS 0x000000070b600000, 0x000000070b600000| Untracked 
|  87|0x000000070b800000, 0x000000070b800000, 0x000000070ba00000|  0%| F|  |TAMS 0x000000070b800000, 0x000000070b800000| Untracked 
|  88|0x000000070ba00000, 0x000000070ba00000, 0x000000070bc00000|  0%| F|  |TAMS 0x000000070ba00000, 0x000000070ba00000| Untracked 
|  89|0x000000070bc00000, 0x000000070bc00000, 0x000000070be00000|  0%| F|  |TAMS 0x000000070bc00000, 0x000000070bc00000| Untracked 
|  90|0x000000070be00000, 0x000000070be00000, 0x000000070c000000|  0%| F|  |TAMS 0x000000070be00000, 0x000000070be00000| Untracked 
|  91|0x000000070c000000, 0x000000070c000000, 0x000000070c200000|  0%| F|  |TAMS 0x000000070c000000, 0x000000070c000000| Untracked 
|  92|0x000000070c200000, 0x000000070c200000, 0x000000070c400000|  0%| F|  |TAMS 0x000000070c200000, 0x000000070c200000| Untracked 
|  93|0x000000070c400000, 0x000000070c400000, 0x000000070c600000|  0%| F|  |TAMS 0x000000070c400000, 0x000000070c400000| Untracked 
|  94|0x000000070c600000, 0x000000070c600000, 0x000000070c800000|  0%| F|  |TAMS 0x000000070c600000, 0x000000070c600000| Untracked 
|  95|0x000000070c800000, 0x000000070c800000, 0x000000070ca00000|  0%| F|  |TAMS 0x000000070c800000, 0x000000070c800000| Untracked 
|  96|0x000000070ca00000, 0x000000070ca00000, 0x000000070cc00000|  0%| F|  |TAMS 0x000000070ca00000, 0x000000070ca00000| Untracked 
|  97|0x000000070cc00000, 0x000000070cc00000, 0x000000070ce00000|  0%| F|  |TAMS 0x000000070cc00000, 0x000000070cc00000| Untracked 
|  98|0x000000070ce00000, 0x000000070ce00000, 0x000000070d000000|  0%| F|  |TAMS 0x000000070ce00000, 0x000000070ce00000| Untracked 
|  99|0x000000070d000000, 0x000000070d000000, 0x000000070d200000|  0%| F|  |TAMS 0x000000070d000000, 0x000000070d000000| Untracked 
| 100|0x000000070d200000, 0x000000070d200000, 0x000000070d400000|  0%| F|  |TAMS 0x000000070d200000, 0x000000070d200000| Untracked 
| 101|0x000000070d400000, 0x000000070d400000, 0x000000070d600000|  0%| F|  |TAMS 0x000000070d400000, 0x000000070d400000| Untracked 
| 102|0x000000070d600000, 0x000000070d600000, 0x000000070d800000|  0%| F|  |TAMS 0x000000070d600000, 0x000000070d600000| Untracked 
| 103|0x000000070d800000, 0x000000070d800000, 0x000000070da00000|  0%| F|  |TAMS 0x000000070d800000, 0x000000070d800000| Untracked 
| 104|0x000000070da00000, 0x000000070da00000, 0x000000070dc00000|  0%| F|  |TAMS 0x000000070da00000, 0x000000070da00000| Untracked 
| 105|0x000000070dc00000, 0x000000070dc00000, 0x000000070de00000|  0%| F|  |TAMS 0x000000070dc00000, 0x000000070dc00000| Untracked 
| 106|0x000000070de00000, 0x000000070de00000, 0x000000070e000000|  0%| F|  |TAMS 0x000000070de00000, 0x000000070de00000| Untracked 
| 107|0x000000070e000000, 0x000000070e000000, 0x000000070e200000|  0%| F|  |TAMS 0x000000070e000000, 0x000000070e000000| Untracked 
| 108|0x000000070e200000, 0x000000070e200000, 0x000000070e400000|  0%| F|  |TAMS 0x000000070e200000, 0x000000070e200000| Untracked 
| 109|0x000000070e400000, 0x000000070e400000, 0x000000070e600000|  0%| F|  |TAMS 0x000000070e400000, 0x000000070e400000| Untracked 
| 110|0x000000070e600000, 0x000000070e600000, 0x000000070e800000|  0%| F|  |TAMS 0x000000070e600000, 0x000000070e600000| Untracked 
| 111|0x000000070e800000, 0x000000070e800000, 0x000000070ea00000|  0%| F|  |TAMS 0x000000070e800000, 0x000000070e800000| Untracked 
| 112|0x000000070ea00000, 0x000000070ea00000, 0x000000070ec00000|  0%| F|  |TAMS 0x000000070ea00000, 0x000000070ea00000| Untracked 
| 113|0x000000070ec00000, 0x000000070ec00000, 0x000000070ee00000|  0%| F|  |TAMS 0x000000070ec00000, 0x000000070ec00000| Untracked 
| 114|0x000000070ee00000, 0x000000070ee00000, 0x000000070f000000|  0%| F|  |TAMS 0x000000070ee00000, 0x000000070ee00000| Untracked 
| 115|0x000000070f000000, 0x000000070f000000, 0x000000070f200000|  0%| F|  |TAMS 0x000000070f000000, 0x000000070f000000| Untracked 
| 116|0x000000070f200000, 0x000000070f200000, 0x000000070f400000|  0%| F|  |TAMS 0x000000070f200000, 0x000000070f200000| Untracked 
| 117|0x000000070f400000, 0x000000070f400000, 0x000000070f600000|  0%| F|  |TAMS 0x000000070f400000, 0x000000070f400000| Untracked 
| 118|0x000000070f600000, 0x000000070f600000, 0x000000070f800000|  0%| F|  |TAMS 0x000000070f600000, 0x000000070f600000| Untracked 
| 119|0x000000070f800000, 0x000000070f800000, 0x000000070fa00000|  0%| F|  |TAMS 0x000000070f800000, 0x000000070f800000| Untracked 
| 120|0x000000070fa00000, 0x000000070fa00000, 0x000000070fc00000|  0%| F|  |TAMS 0x000000070fa00000, 0x000000070fa00000| Untracked 
| 121|0x000000070fc00000, 0x000000070fc00000, 0x000000070fe00000|  0%| F|  |TAMS 0x000000070fc00000, 0x000000070fc00000| Untracked 
| 122|0x000000070fe00000, 0x000000070fe00000, 0x0000000710000000|  0%| F|  |TAMS 0x000000070fe00000, 0x000000070fe00000| Untracked 
| 123|0x0000000710000000, 0x0000000710000000, 0x0000000710200000|  0%| F|  |TAMS 0x0000000710000000, 0x0000000710000000| Untracked 
| 124|0x0000000710200000, 0x0000000710379818, 0x0000000710400000| 73%| E|  |TAMS 0x0000000710200000, 0x0000000710200000| Complete 
| 125|0x0000000710400000, 0x0000000710600000, 0x0000000710600000|100%| E|CS|TAMS 0x0000000710400000, 0x0000000710400000| Complete 
| 126|0x0000000710600000, 0x0000000710800000, 0x0000000710800000|100%| E|  |TAMS 0x0000000710600000, 0x0000000710600000| Complete 
| 127|0x0000000710800000, 0x0000000710a00000, 0x0000000710a00000|100%| E|CS|TAMS 0x0000000710800000, 0x0000000710800000| Complete 

Card table byte_map: [0x00000259f95f0000,0x00000259f9df0000] _byte_map_base: 0x00000259f5deb000

Marking Bits (Prev, Next): (CMBitMap*) 0x00000259f57a1110, (CMBitMap*) 0x00000259f57a1150
 Prev Bits: [0x00000259fa5f0000, 0x00000259fe5c8000)
 Next Bits: [0x000002598f000000, 0x0000025992fd8000)

Polling page: 0x00000259f3630000

Metaspace:

Usage:
  Non-class:      9.87 MB used.
      Class:    979.80 KB used.
       Both:     10.83 MB used.

Virtual space:
  Non-class space:       16.00 MB reserved,       9.94 MB ( 62%) committed,  2 nodes.
      Class space:        1.00 GB reserved,       1.00 MB ( <1%) committed,  1 nodes.
             Both:        1.02 GB reserved,      10.94 MB (  1%) committed. 

Chunk freelists:
   Non-Class:  2.06 MB
       Class:  2.97 MB
        Both:  5.03 MB

MaxMetaspaceSize: unlimited
CompressedClassSpaceSize: 1.00 GB
Initial GC threshold: 21.00 MB
Current GC threshold: 21.00 MB
CDS: off
MetaspaceReclaimPolicy: balanced
 - commit_granule_bytes: 65536.
 - commit_granule_words: 8192.
 - virtual_space_node_default_size: 1048576.
 - enlarge_chunks_in_place: 1.
 - new_chunks_are_fully_committed: 0.
 - uncommit_free_chunks: 1.
 - use_allocation_guard: 0.
 - handle_deallocations: 1.


Internal statistics:

num_allocs_failed_limit: 0.
num_arena_births: 10.
num_arena_deaths: 0.
num_vsnodes_births: 3.
num_vsnodes_deaths: 0.
num_space_committed: 175.
num_space_uncommitted: 0.
num_chunks_returned_to_freelist: 0.
num_chunks_taken_from_freelist: 55.
num_chunk_merges: 0.
num_chunk_splits: 22.
num_chunks_enlarged: 15.
num_purges: 0.
num_inconsistent_stats: 0.

CodeHeap 'non-profiled nmethods': size=120000Kb used=156Kb max_used=156Kb free=119843Kb
 bounds [0x0000025987ad0000, 0x0000025987d40000, 0x000002598f000000]
CodeHeap 'profiled nmethods': size=120000Kb used=707Kb max_used=707Kb free=119292Kb
 bounds [0x00000259805a0000, 0x0000025980810000, 0x0000025987ad0000]
CodeHeap 'non-nmethods': size=5760Kb used=1220Kb max_used=1225Kb free=4539Kb
 bounds [0x0000025980000000, 0x0000025980270000, 0x00000259805a0000]
 total_blobs=927 nmethods=486 adapters=354
 compilation: enabled
              stopped_count=0, restarted_count=0
 full_count=0

Compilation events (20 events):
Event: 0.529 Thread 0x00000259ff4bf190  475       1       java.lang.invoke.MethodTypeForm::parameterSlotCount (5 bytes)
Event: 0.529 Thread 0x00000259ff4bf190 nmethod 475 0x0000025987af5390 code [0x0000025987af5520, 0x0000025987af55f8]
Event: 2.416 Thread 0x00000259ff4bf190  479       3       java.lang.Character::isWhitespace (9 bytes)
Event: 2.416 Thread 0x00000259ff4bf190 nmethod 479 0x000002598064f610 code [0x000002598064f7c0, 0x000002598064f9b8]
Event: 2.417 Thread 0x00000259ff4bf190  480       1       java.nio.Buffer::position (5 bytes)
Event: 2.417 Thread 0x00000259ff4bf190 nmethod 480 0x0000025987af5690 code [0x0000025987af5820, 0x0000025987af58f8]
Event: 5.128 Thread 0x00000259ff4bf190  481       1       java.net.URL::getPort (5 bytes)
Event: 5.128 Thread 0x00000259ff4bf190 nmethod 481 0x0000025987af5990 code [0x0000025987af5b20, 0x0000025987af5bf8]
Event: 5.128 Thread 0x00000259ff4bf190  482       1       sun.instrument.TransformerManager::getSnapshotTransformerList (5 bytes)
Event: 5.128 Thread 0x00000259ff4bd170  483       4       org.eclipse.jdt.launching.internal.org.objectweb.asm.ClassReader::readUtf (161 bytes)
Event: 5.128 Thread 0x00000259ff4bf190 nmethod 482 0x0000025987af5c90 code [0x0000025987af5e20, 0x0000025987af5ef8]
Event: 5.140 Thread 0x00000259ff4bd170 nmethod 483 0x0000025987af5f90 code [0x0000025987af6140, 0x0000025987af6bc8]
Event: 230.988 Thread 0x00000259ff4bf190  484       3       org.eclipse.jdt.launching.internal.org.objectweb.asm.ClassReader::readClass (7 bytes)
Event: 230.988 Thread 0x00000259ff4bf190 nmethod 484 0x000002598064fa90 code [0x000002598064fc60, 0x0000025980650008]
Event: 230.988 Thread 0x00000259ff4bf190  487       3       org.eclipse.jdt.launching.internal.org.objectweb.asm.SymbolTable::addConstantUtf8 (98 bytes)
Event: 230.991 Thread 0x00000259ff4bf190 

Event: 230.991 Thread 0x00000259ff4bf190  485       3       org.eclipse.jdt.launching.internal.org.objectweb.asm.ClassReader::readStringish (16 bytes)
Event: 230.991 Thread 0x00000259ff4bf190 nmethod 485 0x0000025980650210 code [0x00000259806503e0, 0x0000025980650708]
Event: 230.991 Thread 0x00000259ff4bf190  486       3       org.eclipse.jdt.launching.internal.org.objectweb.asm.ClassReader::readInt (52 bytes)
Event: 230.992 Thread 0x00000259ff4bf190 nmethod 486 0x0000025980650890 code [0x0000025980650a20, 0x0000025980650bf8]

GC Heap History (0 events):
No events

Deoptimization events (20 events):
Event: 0.430 Thread 0x00000259f5735e80 DEOPT PACKING pc=0x00000259806150d4 sp=0x000000e565cfbb20
Event: 0.431 Thread 0x00000259f5735e80 DEOPT UNPACKING pc=0x0000025980052b43 sp=0x000000e565cfaf88 mode 0
Event: 0.431 Thread 0x00000259f5735e80 DEOPT PACKING pc=0x00000259806150d4 sp=0x000000e565cfbb20
Event: 0.431 Thread 0x00000259f5735e80 DEOPT UNPACKING pc=0x0000025980052b43 sp=0x000000e565cfaf88 mode 0
Event: 0.433 Thread 0x00000259f5735e80 DEOPT PACKING pc=0x00000259806150d4 sp=0x000000e565cf8050
Event: 0.433 Thread 0x00000259f5735e80 DEOPT UNPACKING pc=0x0000025980052b43 sp=0x000000e565cf74b8 mode 0
Event: 0.434 Thread 0x00000259f5735e80 DEOPT PACKING pc=0x00000259806150d4 sp=0x000000e565cfba50
Event: 0.434 Thread 0x00000259f5735e80 DEOPT UNPACKING pc=0x0000025980052b43 sp=0x000000e565cfaeb8 mode 0
Event: 0.482 Thread 0x00000259f5735e80 Uncommon trap: trap_request=0xffffff45 fr.pc=0x0000025987ad949c relative=0x000000000000019c
Event: 0.482 Thread 0x00000259f5735e80 Uncommon trap: reason=unstable_if action=reinterpret pc=0x0000025987ad949c method=java.lang.String.isLatin1()Z @ 10 c2
Event: 0.482 Thread 0x00000259f5735e80 DEOPT PACKING pc=0x0000025987ad949c sp=0x000000e565cfc960
Event: 0.482 Thread 0x00000259f5735e80 DEOPT UNPACKING pc=0x00000259800523a3 sp=0x000000e565cfc898 mode 2
Event: 0.491 Thread 0x00000259f5735e80 Uncommon trap: trap_request=0xffffff45 fr.pc=0x0000025987ae2548 relative=0x0000000000000048
Event: 0.491 Thread 0x00000259f5735e80 Uncommon trap: reason=unstable_if action=reinterpret pc=0x0000025987ae2548 method=java.lang.CharacterData.of(I)Ljava/lang/CharacterData; @ 4 c2
Event: 0.491 Thread 0x00000259f5735e80 DEOPT PACKING pc=0x0000025987ae2548 sp=0x000000e565cfe910
Event: 0.491 Thread 0x00000259f5735e80 DEOPT UNPACKING pc=0x00000259800523a3 sp=0x000000e565cfe8b0 mode 2
Event: 0.525 Thread 0x00000259f5735e80 Uncommon trap: trap_request=0xffffff45 fr.pc=0x0000025987af0294 relative=0x0000000000000114
Event: 0.525 Thread 0x00000259f5735e80 Uncommon trap: reason=unstable_if action=reinterpret pc=0x0000025987af0294 method=java.lang.String.indexOf(II)I @ 4 c2
Event: 0.525 Thread 0x00000259f5735e80 DEOPT PACKING pc=0x0000025987af0294 sp=0x000000e565cff2e0
Event: 0.525 Thread 0x00000259f5735e80 DEOPT UNPACKING pc=0x00000259800523a3 sp=0x000000e565cff230 mode 2

Classes unloaded (0 events):
No events

Classes redefined (1 events):
Event: 230.989 Thread 0x00000259fead3d40 redefined class name=com.bilgeadam.erp.dal.PersonelDAL, count=1

Internal exceptions (0 events):
No events

VM Operations (20 events):
Event: 107.854 Executing VM operation: get/set locals
Event: 107.854 Executing VM operation: get/set locals done
Event: 230.960 Executing VM operation: ChangeBreakpoints
Event: 230.960 Executing VM operation: ChangeBreakpoints done
Event: 230.985 Executing VM operation: ChangeSingleStep
Event: 230.985 Executing VM operation: ChangeSingleStep done
Event: 230.985 Executing VM operation: ChangeSingleStep
Event: 230.985 Executing VM operation: ChangeSingleStep done
Event: 230.989 Executing VM operation: RedefineClasses
Event: 230.991 Executing VM operation: RedefineClasses done
Event: 230.997 Executing VM operation: ChangeBreakpoints
Event: 230.997 Executing VM operation: ChangeBreakpoints done
Event: 231.003 Executing VM operation: ChangeBreakpoints
Event: 231.004 Executing VM operation: ChangeBreakpoints done
Event: 231.006 Executing VM operation: ChangeSingleStep
Event: 231.006 Executing VM operation: ChangeSingleStep done
Event: 231.006 Executing VM operation: get/set locals
Event: 231.006 Executing VM operation: get/set locals done
Event: 231.007 Executing VM operation: ChangeSingleStep
Event: 231.008 Executing VM operation: ChangeSingleStep done

Events (20 events):
Event: 7.811 loading class java/util/Formatter$FormatSpecifier
Event: 7.812 loading class java/util/Formatter$FormatString
Event: 7.812 loading class java/util/Formatter$FormatString done
Event: 7.812 loading class java/util/Formatter$FormatSpecifier done
Event: 7.812 loading class java/util/Formatter$Flags
Event: 7.812 loading class java/util/Formatter$Flags done
Event: 7.812 loading class java/util/Formatter$FixedString
Event: 7.813 loading class java/util/Formatter$FixedString done
Event: 7.816 loading class java/util/Formattable
Event: 7.816 loading class java/util/Formattable done
Event: 7.818 loading class jdk/internal/math/FormattedFloatingDecimal$Form
Event: 7.818 loading class jdk/internal/math/FormattedFloatingDecimal$Form done
Event: 7.818 loading class jdk/internal/math/FormattedFloatingDecimal
Event: 7.819 loading class jdk/internal/math/FormattedFloatingDecimal done
Event: 7.819 loading class jdk/internal/math/FormattedFloatingDecimal$1
Event: 7.819 loading class jdk/internal/math/FormattedFloatingDecimal$1 done
Event: 7.819 loading class jdk/internal/math/FDBigInteger
Event: 7.819 loading class jdk/internal/math/FDBigInteger done
Event: 7.826 loading class jdk/internal/math/FormattedFloatingDecimal$2
Event: 7.826 loading class jdk/internal/math/FormattedFloatingDecimal$2 done


Dynamic libraries:
0x00007ff70f2a0000 - 0x00007ff70f2ae000 	C:\Users\izzet.bozoglu\.p2\pool\plugins\org.eclipse.justj.openjdk.hotspot.jre.full.win32.x86_64_17.0.4.v20220805-1047\jre\bin\javaw.exe
0x00007ff86c800000 - 0x00007ff86c9ed000 	C:\Windows\SYSTEM32\ntdll.dll
0x00007ff86bea0000 - 0x00007ff86bf53000 	C:\Windows\System32\KERNEL32.DLL
0x00007ff868970000 - 0x00007ff868c03000 	C:\Windows\System32\KERNELBASE.dll
0x00007ff8698b0000 - 0x00007ff8699aa000 	C:\Windows\System32\ucrtbase.dll
0x00007ff861720000 - 0x00007ff861738000 	C:\Users\izzet.bozoglu\.p2\pool\plugins\org.eclipse.justj.openjdk.hotspot.jre.full.win32.x86_64_17.0.4.v20220805-1047\jre\bin\jli.dll
0x00007ff860ff0000 - 0x00007ff861009000 	C:\Users\izzet.bozoglu\.p2\pool\plugins\org.eclipse.justj.openjdk.hotspot.jre.full.win32.x86_64_17.0.4.v20220805-1047\jre\bin\VCRUNTIME140.dll
0x00007ff86bd00000 - 0x00007ff86be97000 	C:\Windows\System32\USER32.dll
0x00007ff8688f0000 - 0x00007ff868910000 	C:\Windows\System32\win32u.dll
0x00007ff858890000 - 0x00007ff858b09000 	C:\Windows\WinSxS\amd64_microsoft.windows.common-controls_6595b64144ccf1df_6.0.17763.437_none_05b63dca071e5dd6\COMCTL32.dll
0x00007ff86c580000 - 0x00007ff86c5a9000 	C:\Windows\System32\GDI32.dll
0x00007ff86b520000 - 0x00007ff86b5be000 	C:\Windows\System32\msvcrt.dll
0x00007ff869440000 - 0x00007ff8695da000 	C:\Windows\System32\gdi32full.dll
0x00007ff86b740000 - 0x00007ff86ba6c000 	C:\Windows\System32\combase.dll
0x00007ff8695e0000 - 0x00007ff869680000 	C:\Windows\System32\msvcp_win.dll
0x00007ff86b240000 - 0x00007ff86b362000 	C:\Windows\System32\RPCRT4.dll
0x00007ff8699b0000 - 0x00007ff869a2e000 	C:\Windows\System32\bcryptPrimitives.dll
0x00007ff86bcd0000 - 0x00007ff86bcfe000 	C:\Windows\System32\IMM32.DLL
0x00007ff863370000 - 0x00007ff86337c000 	C:\Users\izzet.bozoglu\.p2\pool\plugins\org.eclipse.justj.openjdk.hotspot.jre.full.win32.x86_64_17.0.4.v20220805-1047\jre\bin\vcruntime140_1.dll
0x00007ff834d40000 - 0x00007ff834dd1000 	C:\Users\izzet.bozoglu\.p2\pool\plugins\org.eclipse.justj.openjdk.hotspot.jre.full.win32.x86_64_17.0.4.v20220805-1047\jre\bin\msvcp140.dll
0x00007ff84a2e0000 - 0x00007ff84af26000 	C:\Users\izzet.bozoglu\.p2\pool\plugins\org.eclipse.justj.openjdk.hotspot.jre.full.win32.x86_64_17.0.4.v20220805-1047\jre\bin\server\jvm.dll
0x00007ff86bc20000 - 0x00007ff86bcc3000 	C:\Windows\System32\ADVAPI32.dll
0x00007ff86b690000 - 0x00007ff86b72e000 	C:\Windows\System32\sechost.dll
0x00007ff86c5b0000 - 0x00007ff86c5b8000 	C:\Windows\System32\PSAPI.DLL
0x00007ff860f50000 - 0x00007ff860f59000 	C:\Windows\SYSTEM32\WSOCK32.dll
0x00007ff865bd0000 - 0x00007ff865bf4000 	C:\Windows\SYSTEM32\WINMM.dll
0x00007ff86bf60000 - 0x00007ff86bfcd000 	C:\Windows\System32\WS2_32.dll
0x00007ff865ba0000 - 0x00007ff865bcd000 	C:\Windows\SYSTEM32\WINMMBASE.dll
0x00007ff869860000 - 0x00007ff8698aa000 	C:\Windows\System32\cfgmgr32.dll
0x00007ff8608f0000 - 0x00007ff8608fa000 	C:\Windows\SYSTEM32\VERSION.dll
0x00007ff868880000 - 0x00007ff868891000 	C:\Windows\System32\kernel.appcore.dll
0x00007ff863360000 - 0x00007ff86336a000 	C:\Users\izzet.bozoglu\.p2\pool\plugins\org.eclipse.justj.openjdk.hotspot.jre.full.win32.x86_64_17.0.4.v20220805-1047\jre\bin\jimage.dll
0x00007ff868340000 - 0x00007ff86852d000 	C:\Windows\SYSTEM32\DBGHELP.DLL
0x00007ff8680b0000 - 0x00007ff8680da000 	C:\Windows\SYSTEM32\dbgcore.DLL
0x00007ff8577f0000 - 0x00007ff85782b000 	C:\Users\izzet.bozoglu\.p2\pool\plugins\org.eclipse.justj.openjdk.hotspot.jre.full.win32.x86_64_17.0.4.v20220805-1047\jre\bin\jdwp.dll
0x00007ff863350000 - 0x00007ff86335e000 	C:\Users\izzet.bozoglu\.p2\pool\plugins\org.eclipse.justj.openjdk.hotspot.jre.full.win32.x86_64_17.0.4.v20220805-1047\jre\bin\instrument.dll
0x00007ff8616a0000 - 0x00007ff8616c5000 	C:\Users\izzet.bozoglu\.p2\pool\plugins\org.eclipse.justj.openjdk.hotspot.jre.full.win32.x86_64_17.0.4.v20220805-1047\jre\bin\java.dll
0x00007ff861680000 - 0x00007ff861698000 	C:\Users\izzet.bozoglu\.p2\pool\plugins\org.eclipse.justj.openjdk.hotspot.jre.full.win32.x86_64_17.0.4.v20220805-1047\jre\bin\zip.dll
0x00007ff869a90000 - 0x00007ff86af80000 	C:\Windows\System32\SHELL32.dll
0x00007ff86b5c0000 - 0x00007ff86b668000 	C:\Windows\System32\shcore.dll
0x00007ff868c40000 - 0x00007ff86938a000 	C:\Windows\System32\windows.storage.dll
0x00007ff8688a0000 - 0x00007ff8688c4000 	C:\Windows\System32\profapi.dll
0x00007ff868800000 - 0x00007ff86885d000 	C:\Windows\System32\powrprof.dll
0x00007ff86b170000 - 0x00007ff86b1c2000 	C:\Windows\System32\shlwapi.dll
0x00007ff8688d0000 - 0x00007ff8688e7000 	C:\Windows\System32\cryptsp.dll
0x00007ff863ce0000 - 0x00007ff863cec000 	C:\Users\izzet.bozoglu\.p2\pool\plugins\org.eclipse.justj.openjdk.hotspot.jre.full.win32.x86_64_17.0.4.v20220805-1047\jre\bin\dt_socket.dll
0x00007ff8679a0000 - 0x00007ff8679dd000 	C:\Windows\SYSTEM32\IPHLPAPI.DLL
0x00007ff867c40000 - 0x00007ff867ca7000 	C:\Windows\system32\mswsock.dll
0x00007ff8679e0000 - 0x00007ff867aa6000 	C:\Windows\SYSTEM32\DNSAPI.dll
0x00007ff86b730000 - 0x00007ff86b738000 	C:\Windows\System32\NSI.dll
0x00007ff85f2e0000 - 0x00007ff85f2ea000 	C:\Windows\System32\rasadhlp.dll
0x00007ff863dc0000 - 0x00007ff863e39000 	C:\Windows\System32\fwpuclnt.dll
0x00007ff868c10000 - 0x00007ff868c36000 	C:\Windows\System32\bcrypt.dll
0x00007ff85b530000 - 0x00007ff85b549000 	C:\Users\izzet.bozoglu\.p2\pool\plugins\org.eclipse.justj.openjdk.hotspot.jre.full.win32.x86_64_17.0.4.v20220805-1047\jre\bin\net.dll
0x00007ff8635c0000 - 0x00007ff8636b1000 	C:\Windows\SYSTEM32\WINHTTP.dll
0x00007ff856a20000 - 0x00007ff856a35000 	C:\Users\izzet.bozoglu\.p2\pool\plugins\org.eclipse.justj.openjdk.hotspot.jre.full.win32.x86_64_17.0.4.v20220805-1047\jre\bin\nio.dll
0x00007ff861670000 - 0x00007ff861680000 	C:\Users\izzet.bozoglu\.p2\pool\plugins\org.eclipse.justj.openjdk.hotspot.jre.full.win32.x86_64_17.0.4.v20220805-1047\jre\bin\verify.dll

dbghelp: loaded successfully - version: 4.0.5 - missing functions: none
symbol engine: initialized successfully - sym options: 0x614 - pdb path: .;C:\Users\izzet.bozoglu\.p2\pool\plugins\org.eclipse.justj.openjdk.hotspot.jre.full.win32.x86_64_17.0.4.v20220805-1047\jre\bin;C:\Windows\SYSTEM32;C:\Windows\WinSxS\amd64_microsoft.windows.common-controls_6595b64144ccf1df_6.0.17763.437_none_05b63dca071e5dd6;C:\Users\izzet.bozoglu\.p2\pool\plugins\org.eclipse.justj.openjdk.hotspot.jre.full.win32.x86_64_17.0.4.v20220805-1047\jre\bin\server

VM Arguments:
jvm_args: -XX:+ShowCodeDetailsInExceptionMessages -agentlib:jdwp=transport=dt_socket,suspend=y,address=localhost:53957 -javaagent:C:\Users\izzet.bozoglu\eclipse\jee-2022-06\eclipse\configuration\org.eclipse.osgi\407\0\.cp\lib\javaagent-shaded.jar -Dfile.encoding=UTF-8 
java_command: com.bilgeadam.erp.Program
java_class_path (initial): C:\Users\izzet.bozoglu\Desktop\yeni_workspace\EnterpriseResourcePlanning\bin
Launcher Type: SUN_STANDARD

[Global flags]
     intx CICompilerCount                          = 3                                         {product} {ergonomic}
     uint ConcGCThreads                            = 1                                         {product} {ergonomic}
     uint G1ConcRefinementThreads                  = 4                                         {product} {ergonomic}
   size_t G1HeapRegionSize                         = 2097152                                   {product} {ergonomic}
    uintx GCDrainStackTargetSize                   = 64                                        {product} {ergonomic}
   size_t InitialHeapSize                          = 268435456                                 {product} {ergonomic}
   size_t MarkStackSize                            = 4194304                                   {product} {ergonomic}
   size_t MaxHeapSize                              = 4284481536                                {product} {ergonomic}
   size_t MaxNewSize                               = 2569011200                                {product} {ergonomic}
   size_t MinHeapDeltaBytes                        = 2097152                                   {product} {ergonomic}
   size_t MinHeapSize                              = 8388608                                   {product} {ergonomic}
    uintx NonNMethodCodeHeapSize                   = 5832780                                {pd product} {ergonomic}
    uintx NonProfiledCodeHeapSize                  = 122912730                              {pd product} {ergonomic}
    uintx ProfiledCodeHeapSize                     = 122912730                              {pd product} {ergonomic}
    uintx ReservedCodeCacheSize                    = 251658240                              {pd product} {ergonomic}
     bool SegmentedCodeCache                       = true                                      {product} {ergonomic}
     bool ShowCodeDetailsInExceptionMessages       = true                                   {manageable} {command line}
   size_t SoftMaxHeapSize                          = 4284481536                             {manageable} {ergonomic}
     bool UseCompressedClassPointers               = true                           {product lp64_product} {ergonomic}
     bool UseCompressedOops                        = true                           {product lp64_product} {ergonomic}
     bool UseG1GC                                  = true                                      {product} {ergonomic}
     bool UseLargePagesIndividualAllocation        = false                                  {pd product} {ergonomic}

Logging:
Log output configuration:
 #0: stdout all=warning uptime,level,tags
 #1: stderr all=off uptime,level,tags

Environment Variables:
JAVA_HOME=C:\Program Files\Java\jdk1.8.0_65
PATH=C:\Users\izzet.bozoglu\.p2\pool\plugins\org.eclipse.justj.openjdk.hotspot.jre.full.win32.x86_64_17.0.4.v20220805-1047\jre\bin;C:/Users/izzet.bozoglu/.p2/pool/plugins/org.eclipse.justj.openjdk.hotspot.jre.full.win32.x86_64_17.0.4.v20220805-1047/jre/bin/server;C:/Users/izzet.bozoglu/.p2/pool/plugins/org.eclipse.justj.openjdk.hotspot.jre.full.win32.x86_64_17.0.4.v20220805-1047/jre/bin;C:\Program Files\Common Files\Oracle\Java\javapath;C:\oraclexe\app\oracle\product\11.2.0\server\bin;C:\Program Files (x86)\Common Files\Oracle\Java\javapath;C:\ProgramData\Oracle\Java\javapath;C:\Program Files\Microsoft MPI\Bin\;C:\Windows\system32;C:\Windows;C:\Windows\System32\Wbem;C:\Windows\System32\WindowsPowerShell\v1.0\;C:\Windows\System32\OpenSSH\;C:\Program Files\dotnet\;C:\Program Files\Microsoft SQL Server\130\Tools\Binn\;C:\Program Files (x86)\Microsoft SQL Server\140\Tools\Binn\;C:\Program Files\Microsoft SQL Server\140\Tools\Binn\;C:\Program Files (x86)\Microsoft SQL Server\140\DTS\Binn\;C:\Program Files\Microsoft SQL Server\140\DTS\Binn\;C:\Program Files\Microsoft SQL Server\Client SDK\ODBC\130\Tools\Binn\;C:\Program Files (x86)\Microsoft SQL Server\Client SDK\ODBC\130\Tools\Binn\;C:\Program Files (x86)\Microsoft SQL Server\140\Tools\Binn\ManagementStudio\;C:\Program Files (x86)\dotnet\;C:\Program Files (x86)\Microsoft Emulator Manager\1.0\;C:\Program Files (x86)\Microsoft SQL Server\150\DTS\Binn\;C:\Program Files\TortoiseSVN\bin;C:\Program Files\Java\jdk1.8.0_65\bin;C:\Program Files\TortoiseGit\bin;C:\Program Files\nodejs\;C:\Program Files\PuTTY\;C:\Program Files\Git\cmd;C:\Users\izzet.bozoglu\AppData\Local\Microsoft\WindowsApps;;C:\Users\izzet.bozoglu\AppData\Local\Programs\Microsoft VS Code\bin;C:\Windows\System32;
USERNAME=izzet.bozoglu
OS=Windows_NT
PROCESSOR_IDENTIFIER=Intel64 Family 6 Model 42 Stepping 7, GenuineIntel
TMP=C:\Users\IZZET~1.BOZ\AppData\Local\Temp
TEMP=C:\Users\IZZET~1.BOZ\AppData\Local\Temp



---------------  S Y S T E M  ---------------

OS:
 Windows 10 , 64 bit Build 17763 (10.0.17763.437)
OS uptime: 6 days 2:59 hours

CPU: total 4 (initial active 4) (4 cores per cpu, 1 threads per core) family 6 model 42 stepping 7 microcode 0x2d, cx8, cmov, fxsr, mmx, sse, sse2, sse3, ssse3, sse4.1, sse4.2, popcnt, tsc, tscinvbit, avx, aes, clmul, vzeroupper, clflush

Memory: 4k page, system-wide physical 16342M (8697M free)
TotalPageFile size 18774M (AvailPageFile size 8750M)
current process WorkingSet (physical memory assigned to process): 51M, peak: 51M
current process commit charge ("private bytes"): 338M, peak: 340M

vm_info: OpenJDK 64-Bit Server VM (17.0.4+8) for windows-amd64 JRE (17.0.4+8), built on Jul 19 2022 16:05:16 by "temurin" with MS VC++ 16.7 (VS2019)

END.
